{
  "RSpec": {
    "coverage": {
      "/home/joseph/Desktop/temp/RailsGuides-BlogTutorial/config/environment.rb": [
        null,
        1,
        null,
        null,
        1
      ],
      "/home/joseph/Desktop/temp/RailsGuides-BlogTutorial/config/application.rb": [
        1,
        null,
        null,
        1,
        1,
        1,
        1,
        null,
        null,
        null,
        null,
        1,
        null,
        1,
        1,
        null,
        null,
        null,
        null,
        null,
        null,
        null,
        null,
        null,
        null,
        null,
        null,
        null
      ],
      "/home/joseph/Desktop/temp/RailsGuides-BlogTutorial/config/boot.rb": [
        null,
        1,
        null,
        1
      ],
      "/home/joseph/Desktop/temp/RailsGuides-BlogTutorial/config/environments/test.rb": [
        1,
        null,
        null,
        null,
        null,
        null,
        null,
        1,
        null,
        null,
        null,
        null,
        1,
        null,
        null,
        1,
        1,
        null,
        null,
        1,
        1,
        null,
        null,
        1,
        null,
        null,
        1,
        null,
        null,
        null,
        null,
        1,
        null,
        null,
        1,
        null
      ],
      "/home/joseph/Desktop/temp/RailsGuides-BlogTutorial/config/initializers/backtrace_silencers.rb": [
        null,
        null,
        null,
        null,
        null,
        null,
        null
      ],
      "/home/joseph/Desktop/temp/RailsGuides-BlogTutorial/config/initializers/filter_parameter_logging.rb": [
        null,
        null,
        null,
        1
      ],
      "/home/joseph/Desktop/temp/RailsGuides-BlogTutorial/config/initializers/inflections.rb": [
        null,
        null,
        null,
        null,
        null,
        null,
        null,
        null,
        null,
        null,
        null,
        null,
        null,
        null,
        null,
        null
      ],
      "/home/joseph/Desktop/temp/RailsGuides-BlogTutorial/config/initializers/mime_types.rb": [
        null,
        null,
        null,
        null,
        null
      ],
      "/home/joseph/Desktop/temp/RailsGuides-BlogTutorial/config/initializers/secret_token.rb": [
        null,
        null,
        null,
        null,
        null,
        null,
        null,
        null,
        null,
        null,
        null,
        1
      ],
      "/home/joseph/Desktop/temp/RailsGuides-BlogTutorial/config/initializers/session_store.rb": [
        null,
        null,
        1
      ],
      "/home/joseph/Desktop/temp/RailsGuides-BlogTutorial/config/initializers/wrap_parameters.rb": [
        null,
        null,
        null,
        null,
        null,
        null,
        1,
        1,
        null,
        null,
        null,
        null,
        null,
        null
      ],
      "/home/joseph/Desktop/temp/RailsGuides-BlogTutorial/config/routes.rb": [
        null,
        null,
        null,
        null,
        null,
        null,
        null,
        null,
        null,
        null,
        null,
        null,
        null,
        null,
        null,
        null,
        null,
        null,
        null,
        null,
        null,
        null,
        null,
        1,
        1,
        null,
        null,
        null,
        1,
        1,
        null,
        null,
        1,
        null,
        null,
        null,
        null,
        null,
        null,
        null,
        null,
        null,
        null,
        null,
        null,
        null,
        null,
        null,
        null,
        null,
        null,
        null,
        null,
        null,
        null,
        null,
        null,
        null,
        null,
        null,
        null,
        null,
        null,
        null,
        null,
        null,
        null,
        null,
        null,
        null,
        null,
        null,
        null,
        null,
        null,
        null,
        null,
        null,
        null,
        null,
        null,
        null,
        null,
        null
      ],
      "/home/joseph/Desktop/temp/RailsGuides-BlogTutorial/app/helpers/application_helper.rb": [
        1,
        null
      ],
      "/home/joseph/Desktop/temp/RailsGuides-BlogTutorial/app/helpers/comments_helper.rb": [
        1,
        null
      ],
      "/home/joseph/Desktop/temp/RailsGuides-BlogTutorial/app/helpers/posts_helper.rb": [
        1,
        null
      ],
      "/home/joseph/Desktop/temp/RailsGuides-BlogTutorial/app/helpers/welcome_helper.rb": [
        1,
        null
      ],
      "/home/joseph/Desktop/temp/RailsGuides-BlogTutorial/app/controllers/welcome_controller.rb": [
        1,
        1,
        null,
        null
      ],
      "/home/joseph/Desktop/temp/RailsGuides-BlogTutorial/app/controllers/application_controller.rb": [
        1,
        null,
        null,
        1,
        null
      ]
    },
    "timestamp": 1396115501
  }
}
